Determining if the pthread_create exist failed with the following output:
Change Dir: /home/sun/ws_draw/src/draw/cmake-build-debug/CMakeFiles/CMakeTmp

Run Build Command:"/usr/bin/make" "cmTC_26f97/fast"
/usr/bin/make -f CMakeFiles/cmTC_26f97.dir/build.make CMakeFiles/cmTC_26f97.dir/build
make[1]: Entering directory `/home/sun/ws_draw/src/draw/cmake-build-debug/CMakeFiles/CMakeTmp'
Building C object CMakeFiles/cmTC_26f97.dir/CheckSymbolExists.c.o
/usr/bin/cc     -o CMakeFiles/cmTC_26f97.dir/CheckSymbolExists.c.o   -c /home/sun/ws_draw/src/draw/cmake-build-debug/CMakeFiles/CMakeTmp/CheckSymbolExists.c
Linking C executable cmTC_26f97
/home/sun/APP/clion-2016.2.3/bin/cmake/bin/cmake -E cmake_link_script CMakeFiles/cmTC_26f97.dir/link.txt --verbose=1
/usr/bin/cc       CMakeFiles/cmTC_26f97.dir/CheckSymbolExists.c.o  -o cmTC_26f97 -rdynamic 
CMakeFiles/cmTC_26f97.dir/CheckSymbolExists.c.o: In function `main':
CheckSymbolExists.c:(.text+0x16): undefined reference to `pthread_create'
collect2: error: ld returned 1 exit status
make[1]: *** [cmTC_26f97] Error 1
make[1]: Leaving directory `/home/sun/ws_draw/src/draw/cmake-build-debug/CMakeFiles/CMakeTmp'
make: *** [cmTC_26f97/fast] Error 2

File /home/sun/ws_draw/src/draw/cmake-build-debug/CMakeFiles/CMakeTmp/CheckSymbolExists.c:
/* */
#include <pthread.h>

int main(int argc, char** argv)
{
  (void)argv;
#ifndef pthread_create
  return ((int*)(&pthread_create))[argc];
#else
  (void)argc;
  return 0;
#endif
}

Determining if the function pthread_create exists in the pthreads failed with the following output:
Change Dir: /home/sun/ws_draw/src/draw/cmake-build-debug/CMakeFiles/CMakeTmp

Run Build Command:"/usr/bin/make" "cmTC_68ec2/fast"
/usr/bin/make -f CMakeFiles/cmTC_68ec2.dir/build.make CMakeFiles/cmTC_68ec2.dir/build
make[1]: Entering directory `/home/sun/ws_draw/src/draw/cmake-build-debug/CMakeFiles/CMakeTmp'
Building C object CMakeFiles/cmTC_68ec2.dir/CheckFunctionExists.c.o
/usr/bin/cc    -DCHECK_FUNCTION_EXISTS=pthread_create   -o CMakeFiles/cmTC_68ec2.dir/CheckFunctionExists.c.o   -c /home/sun/APP/clion-2016.2.3/bin/cmake/share/cmake-3.7/Modules/CheckFunctionExists.c
Linking C executable cmTC_68ec2
/home/sun/APP/clion-2016.2.3/bin/cmake/bin/cmake -E cmake_link_script CMakeFiles/cmTC_68ec2.dir/link.txt --verbose=1
/usr/bin/cc   -DCHECK_FUNCTION_EXISTS=pthread_create    CMakeFiles/cmTC_68ec2.dir/CheckFunctionExists.c.o  -o cmTC_68ec2 -rdynamic -lpthreads 
/usr/bin/ld: cannot find -lpthreads
collect2: error: ld returned 1 exit status
make[1]: *** [cmTC_68ec2] Error 1
make[1]: Leaving directory `/home/sun/ws_draw/src/draw/cmake-build-debug/CMakeFiles/CMakeTmp'
make: *** [cmTC_68ec2/fast] Error 2


